Removed Pin From Net: NetName=SPI_MOSI Pin=J3-1
Removed Pin From Net: NetName=SPI_MISO Pin=J3-2
Removed Pin From Net: NetName=SPI_SCK Pin=J3-4
Removed Pin From Net: NetName=SPI_MOSI Pin=J4-1
Removed Pin From Net: NetName=SPI_MISO Pin=J4-2
Removed Pin From Net: NetName=SPI_SCK Pin=J4-4
Change Component DesignItemId : Designator=S1 Old DesignItemId=TE_CONN_FSMSM New DesignItemId=SPST Momentary
Change Component Footprint: Designator=S1 Old Footprint=SW_TECONN_FSMSM New Footprint=TECONN_1571563
Change Component Comment : Designator=S1 Old Comment=SPST New Comment=SPST Momentary
Added Component: Designator=C51(CAP0603W)
Added Component: Designator=C52(CAP0603W)
Added Component: Designator=C53(CAP0603W)
Added Component: Designator=C54(CAP1206W)
Added Component: Designator=C55(CAP0603W)
Added Component: Designator=C56(CAP0603W)
Added Component: Designator=C57(CAP0603W)
Added Component: Designator=C58(CAP0603W)
Added Component: Designator=C59(CAP0603W)
Added Component: Designator=C60(CAP0603W)
Added Component: Designator=D13(LED Green 0603)
Added Component: Designator=D14(LED Green 0603)
Added Component: Designator=J5(M701-330442)
Added Component: Designator=J6(1x2 MicroFit)
Added Component: Designator=J7(1x2 MicroFit)
Added Component: Designator=J8(HDR1X6)
Added Component: Designator=J9(1x6 Header)
Added Component: Designator=J10(1x8 Header)
Added Component: Designator=M15(SOT23-3M)
Added Component: Designator=R55(RES0603W)
Added Component: Designator=R56(RES0603W)
Added Component: Designator=R57(RES0603W)
Added Component: Designator=R58(RES0603W)
Added Component: Designator=R59(RES0603W)
Added Component: Designator=R60(RES0603W)
Added Component: Designator=R61(RES0603W)
Added Component: Designator=R62(RES0603W)
Added Component: Designator=R63(RES0603W)
Added Component: Designator=R64(RES0603W)
Added Component: Designator=R65(RES0603W)
Added Component: Designator=R66(RES0603W)
Added Component: Designator=R67(RES0603W)
Added Component: Designator=R68(RES0603W)
Added Component: Designator=R69(RES0603W)
Added Component: Designator=R70(RES0603W)
Added Component: Designator=R71(RES0603W)
Added Component: Designator=S2(CTS_219-2MST)
Added Component: Designator=S3(CTS_219-2MST)
Added Component: Designator=U4(SSOP-28)
Added Component: Designator=U5(RN41)
Added Pin To Net: NetName=GND Pin=C51-2
Added Pin To Net: NetName=3.3V Pin=C52-1
Added Pin To Net: NetName=GND Pin=C52-2
Added Pin To Net: NetName=5V Pin=C53-1
Added Pin To Net: NetName=GND Pin=C53-2
Added Pin To Net: NetName=5V Pin=C54-1
Added Pin To Net: NetName=GND Pin=C54-2
Added Pin To Net: NetName=DRVA_I_SENSE_P Pin=C55-1
Added Pin To Net: NetName=GND Pin=C55-2
Added Pin To Net: NetName=GND Pin=C56-2
Added Pin To Net: NetName=DRVB_I_SENSE_P Pin=C57-1
Added Pin To Net: NetName=GND Pin=C57-2
Added Pin To Net: NetName=GND Pin=C58-2
Added Pin To Net: NetName=GND Pin=C60-1
Added Pin To Net: NetName=3.3V Pin=C60-2
Added Pin To Net: NetName=MOTORA_HI Pin=J6-1
Added Pin To Net: NetName=MOTORA_LO Pin=J6-2
Added Pin To Net: NetName=MOTORB_HI Pin=J7-1
Added Pin To Net: NetName=MOTORB_LO Pin=J7-2
Added Pin To Net: NetName=3.3V Pin=J8-2
Added Pin To Net: NetName=GND Pin=J8-3
Added Pin To Net: NetName=GND Pin=J9-1
Added Pin To Net: NetName=GND Pin=J9-6
Added Pin To Net: NetName=GND Pin=J10-1
Added Pin To Net: NetName=SPI_MOSI Pin=J10-2
Added Pin To Net: NetName=SPI_MISO Pin=J10-3
Added Pin To Net: NetName=SPI_SCK Pin=J10-4
Added Pin To Net: NetName=GND Pin=J10-8
Added Pin To Net: NetName=GND Pin=M15-2
Added Pin To Net: NetName=DRVA_EN Pin=R55-1
Added Pin To Net: NetName=DRVB_EN Pin=R56-1
Added Pin To Net: NetName=5V Pin=R60-2
Added Pin To Net: NetName=GND Pin=R61-1
Added Pin To Net: NetName=DRVA_I_SENSE_P Pin=R62-1
Added Pin To Net: NetName=DRVB_I_SENSE_P Pin=R63-1
Added Pin To Net: NetName=5V Pin=R64-2
Added Pin To Net: NetName=3.3V Pin=R65-2
Added Pin To Net: NetName=3.3V Pin=R66-2
Added Pin To Net: NetName=3.3V Pin=R67-2
Added Pin To Net: NetName=3.3V Pin=R68-2
Added Pin To Net: NetName=3.3V Pin=R69-2
Added Pin To Net: NetName=GND Pin=R70-1
Added Pin To Net: NetName=GND Pin=S1-2
Added Pin To Net: NetName=3.3V Pin=U4-4
Added Pin To Net: NetName=GND Pin=U4-7
Added Pin To Net: NetName=GND Pin=U4-18
Added Pin To Net: NetName=5V Pin=U4-20
Added Pin To Net: NetName=GND Pin=U4-21
Added Pin To Net: NetName=GND Pin=U4-25
Added Pin To Net: NetName=GND Pin=U4-26
Added Pin To Net: NetName=GND Pin=U5-1
Added Pin To Net: NetName=3.3V Pin=U5-11
Added Pin To Net: NetName=GND Pin=U5-12
Added Pin To Net: NetName=GND Pin=U5-28
Added Pin To Net: NetName=GND Pin=U5-29
Added Pin To Net: NetName=C\S\_A Pin=J3-3
Added Pin To Net: NetName=C\S\_A Pin=J10-5
Added Pin To Net: NetName=C\S\_A Pin=U1-49
Added Net: Name=C\S\_A
Added Pin To Net: NetName=C\S\_BLE Pin=J10-7
Added Pin To Net: NetName=C\S\_BLE Pin=U1-54
Added Pin To Net: NetName=C\S\_BLE Pin=U5-23
Added Net: Name=C\S\_BLE
Added Pin To Net: NetName=C\S\_B Pin=J4-3
Added Pin To Net: NetName=C\S\_B Pin=J10-6
Added Pin To Net: NetName=C\S\_B Pin=U1-55
Added Net: Name=C\S\_B
Added Pin To Net: NetName=MISO Pin=J3-2
Added Pin To Net: NetName=MISO Pin=J4-2
Added Pin To Net: NetName=MISO Pin=U1-51
Added Pin To Net: NetName=MISO Pin=U5-24
Added Net: Name=MISO
Added Pin To Net: NetName=MOSI Pin=J3-1
Added Pin To Net: NetName=MOSI Pin=J4-1
Added Pin To Net: NetName=MOSI Pin=U1-52
Added Pin To Net: NetName=MOSI Pin=U5-2
Added Net: Name=MOSI
Added Pin To Net: NetName=NetC51_1 Pin=C51-1
Added Pin To Net: NetName=NetC51_1 Pin=U4-17
Added Net: Name=NetC51_1
Added Pin To Net: NetName=NetC56_1 Pin=C56-1
Added Pin To Net: NetName=NetC56_1 Pin=R62-2
Added Pin To Net: NetName=NetC56_1 Pin=U1-23
Added Net: Name=NetC56_1
Added Pin To Net: NetName=NetC58_1 Pin=C58-1
Added Pin To Net: NetName=NetC58_1 Pin=R63-2
Added Pin To Net: NetName=NetC58_1 Pin=U1-22
Added Net: Name=NetC58_1
Added Pin To Net: NetName=NetC59_1 Pin=C59-1
Added Pin To Net: NetName=NetC59_1 Pin=J5-1
Added Pin To Net: NetName=NetC59_1 Pin=R64-1
Added Net: Name=NetC59_1
Added Pin To Net: NetName=NetC59_2 Pin=C59-2
Added Pin To Net: NetName=NetC59_2 Pin=J5-4
Added Net: Name=NetC59_2
Added Pin To Net: NetName=NetD13_1 Pin=D13-1
Added Pin To Net: NetName=NetD13_1 Pin=U5-21
Added Net: Name=NetD13_1
Added Pin To Net: NetName=NetD13_2 Pin=D13-2
Added Pin To Net: NetName=NetD13_2 Pin=R65-1
Added Net: Name=NetD13_2
Added Pin To Net: NetName=NetD14_1 Pin=D14-1
Added Pin To Net: NetName=NetD14_1 Pin=R70-2
Added Net: Name=NetD14_1
Added Pin To Net: NetName=NetD14_2 Pin=D14-2
Added Pin To Net: NetName=NetD14_2 Pin=U5-19
Added Net: Name=NetD14_2
Added Pin To Net: NetName=NetJ8_1 Pin=J8-1
Added Pin To Net: NetName=NetJ8_1 Pin=R1-1
Added Pin To Net: NetName=NetJ8_1 Pin=R2-1
Added Pin To Net: NetName=NetJ8_1 Pin=S1-3
Added Pin To Net: NetName=NetJ8_1 Pin=S1-4
Added Net: Name=NetJ8_1
Added Pin To Net: NetName=NetJ8_4 Pin=J8-4
Added Pin To Net: NetName=NetJ8_4 Pin=U1-25
Added Net: Name=NetJ8_4
Added Pin To Net: NetName=NetJ8_5 Pin=J8-5
Added Pin To Net: NetName=NetJ8_5 Pin=U1-24
Added Net: Name=NetJ8_5
Added Pin To Net: NetName=NetM15_3 Pin=M15-3
Added Pin To Net: NetName=NetM15_3 Pin=R60-1
Added Pin To Net: NetName=NetM15_3 Pin=U4-19
Added Net: Name=NetM15_3
Added Pin To Net: NetName=NetR55_2 Pin=R55-2
Added Pin To Net: NetName=NetR55_2 Pin=U1-17
Added Net: Name=NetR55_2
Added Pin To Net: NetName=NetR56_2 Pin=R56-2
Added Pin To Net: NetName=NetR56_2 Pin=U1-59
Added Net: Name=NetR56_2
Added Pin To Net: NetName=NetR57_1 Pin=R57-1
Added Pin To Net: NetName=NetR57_1 Pin=U1-71
Added Net: Name=NetR57_1
Added Pin To Net: NetName=NetR58_2 Pin=R58-2
Added Pin To Net: NetName=NetR58_2 Pin=U4-1
Added Net: Name=NetR58_2
Added Pin To Net: NetName=NetR59_1 Pin=R59-1
Added Pin To Net: NetName=NetR59_1 Pin=U1-48
Added Net: Name=NetR59_1
Added Pin To Net: NetName=NetR66_1 Pin=R66-1
Added Pin To Net: NetName=NetR66_1 Pin=S2-2
Added Net: Name=NetR66_1
Added Pin To Net: NetName=NetR67_1 Pin=R67-1
Added Pin To Net: NetName=NetR67_1 Pin=S2-4
Added Net: Name=NetR67_1
Added Pin To Net: NetName=NetR68_1 Pin=R68-1
Added Pin To Net: NetName=NetR68_1 Pin=S3-2
Added Net: Name=NetR68_1
Added Pin To Net: NetName=NetR69_1 Pin=R69-1
Added Pin To Net: NetName=NetR69_1 Pin=S3-4
Added Net: Name=NetR69_1
Added Pin To Net: NetName=NetR71_1 Pin=R71-1
Added Pin To Net: NetName=NetR71_1 Pin=U1-70
Added Net: Name=NetR71_1
Added Pin To Net: NetName=NetS2_1 Pin=S2-1
Added Pin To Net: NetName=NetS2_1 Pin=U5-20
Added Net: Name=NetS2_1
Added Pin To Net: NetName=NetS2_3 Pin=S2-3
Added Pin To Net: NetName=NetS2_3 Pin=U5-22
Added Net: Name=NetS2_3
Added Pin To Net: NetName=NetS3_1 Pin=S3-1
Added Pin To Net: NetName=NetS3_1 Pin=U5-3
Added Net: Name=NetS3_1
Added Pin To Net: NetName=NetS3_3 Pin=S3-3
Added Pin To Net: NetName=NetS3_3 Pin=U5-4
Added Net: Name=NetS3_3
Added Pin To Net: NetName=NetU1_38 Pin=U1-38
Added Net: Name=NetU1_38
Added Pin To Net: NetName=NetU1_58 Pin=U1-58
Added Net: Name=NetU1_58
Added Pin To Net: NetName=NetU1_60 Pin=U1-60
Added Net: Name=NetU1_60
Added Pin To Net: NetName=NetU1_61 Pin=U1-61
Added Net: Name=NetU1_61
Added Pin To Net: NetName=SCK Pin=J3-4
Added Pin To Net: NetName=SCK Pin=J4-4
Added Pin To Net: NetName=SCK Pin=U1-50
Added Pin To Net: NetName=SCK Pin=U5-6
Added Net: Name=SCK
Added Pin To Net: NetName=U1_RX Pin=J9-3
Added Pin To Net: NetName=U1_RX Pin=U1-79
Added Pin To Net: NetName=U1_RX Pin=U5-14
Added Net: Name=U1_RX
Added Pin To Net: NetName=U1_TX Pin=J9-2
Added Pin To Net: NetName=U1_TX Pin=R57-2
Added Pin To Net: NetName=U1_TX Pin=U5-13
Added Net: Name=U1_TX
Added Pin To Net: NetName=U2_RX Pin=J9-5
Added Pin To Net: NetName=U2_RX Pin=R58-1
Added Pin To Net: NetName=U2_RX Pin=U1-47
Added Net: Name=U2_RX
Added Pin To Net: NetName=U2_TX Pin=J9-4
Added Pin To Net: NetName=U2_TX Pin=R59-2
Added Pin To Net: NetName=U2_TX Pin=U4-5
Added Net: Name=U2_TX
Added Pin To Net: NetName=U4_RESET Pin=M15-1
Added Pin To Net: NetName=U4_RESET Pin=R61-2
Added Pin To Net: NetName=U4_RESET Pin=U1-80
Added Net: Name=U4_RESET
Added Pin To Net: NetName=U5_RESET Pin=R71-2
Added Pin To Net: NetName=U5_RESET Pin=U5-5
Added Net: Name=U5_RESET
Added Pin To Net: NetName=USB_N Pin=J5-2
Added Pin To Net: NetName=USB_N Pin=U4-16
Added Net: Name=USB_N
Added Pin To Net: NetName=USB_P Pin=J5-3
Added Pin To Net: NetName=USB_P Pin=U4-15
Added Net: Name=USB_P
Added Pin To Net: NetName=VREF+ Pin=U1-29
Added Net: Name=VREF+
Added Pin To Net: NetName=VREF- Pin=U1-28
Added Net: Name=VREF-
Added Differential Pair: Name=USB
Added Member To Class: ClassName=Microcontroller Member=Component C51 0.1uF
Added Member To Class: ClassName=Microcontroller Member=Component C52 0.1uF
Added Member To Class: ClassName=Microcontroller Member=Component C53 0.1uF
Added Member To Class: ClassName=Microcontroller Member=Component C54 4.7uF
Added Member To Class: ClassName=Motor A Driver Member=Component C55 10nF
Added Member To Class: ClassName=Motor A Driver Member=Component C56 10nF
Added Member To Class: ClassName=Motor B Driver Member=Component C57 10nF
Added Member To Class: ClassName=Motor B Driver Member=Component C58 10nF
Added Member To Class: ClassName=Connectors Member=Component C59 10nF
Added Member To Class: ClassName=Microcontroller Member=Component C60 0.1uF
Added Member To Class: ClassName=Microcontroller Member=Component D13 LTST-S270KGKT
Added Member To Class: ClassName=Microcontroller Member=Component D14 LTST-S270KGKT
Added Member To Class: ClassName=Connectors Member=Component J5 M701-330442
Added Member To Class: ClassName=Connectors Member=Component J6 39-29-3026
Added Member To Class: ClassName=Connectors Member=Component J7 39-29-3026
Added Member To Class: ClassName=Connectors Member=Component J8 Programming Header
Added Member To Class: ClassName=Microcontroller Member=Component J9 1x6 Header
Added Member To Class: ClassName=Microcontroller Member=Component J10 1x8 Header
Added Member To Class: ClassName=Microcontroller Member=Component M15 2N7002P,215
Added Member To Class: ClassName=Microcontroller Member=Component R55 220R
Added Member To Class: ClassName=Microcontroller Member=Component R56 220R
Added Member To Class: ClassName=Microcontroller Member=Component R57 220R
Added Member To Class: ClassName=Microcontroller Member=Component R58 220R
Added Member To Class: ClassName=Microcontroller Member=Component R59 220R
Added Member To Class: ClassName=Microcontroller Member=Component R60 10k
Added Member To Class: ClassName=Microcontroller Member=Component R61 10k
Added Member To Class: ClassName=Motor A Driver Member=Component R62 1k
Added Member To Class: ClassName=Motor B Driver Member=Component R63 1k
Added Member To Class: ClassName=Connectors Member=Component R64 0R
Added Member To Class: ClassName=Microcontroller Member=Component R65 68R
Added Member To Class: ClassName=Microcontroller Member=Component R66 1k
Added Member To Class: ClassName=Microcontroller Member=Component R67 1k
Added Member To Class: ClassName=Microcontroller Member=Component R68 1k
Added Member To Class: ClassName=Microcontroller Member=Component R69 1k
Added Member To Class: ClassName=Microcontroller Member=Component R70 68R
Added Member To Class: ClassName=Microcontroller Member=Component R71 220R
Added Member To Class: ClassName=Microcontroller Member=Component S2 SPST
Added Member To Class: ClassName=Microcontroller Member=Component S3 SPST
Added Member To Class: ClassName=Microcontroller Member=Component U4 FT232RL
Added Member To Class: ClassName=Microcontroller Member=Component U5 RN41-I/RM
