Added Component: Designator=C89(CAP0603W)
Added Component: Designator=C90(CAP0603W)
Added Component: Designator=C91(CAP0603W)
Added Component: Designator=C92(CAP0603W)
Added Component: Designator=J16(1x4 PicoBlade)
Added Component: Designator=J17(1x4 PicoBlade)
Added Component: Designator=R143(RES0603W)
Added Component: Designator=R144(RES0603W)
Added Pin To Net: NetName=3.3V_PROT Pin=C89-1
Added Pin To Net: NetName=GND Pin=C89-2
Added Pin To Net: NetName=GND Pin=C90-2
Added Pin To Net: NetName=3.3V_PROT Pin=C91-1
Added Pin To Net: NetName=GND Pin=C91-2
Added Pin To Net: NetName=GND Pin=C92-2
Added Pin To Net: NetName=3.3V_PROT Pin=J16-1
Added Pin To Net: NetName=GND Pin=J16-2
Added Pin To Net: NetName=GND Pin=J16-4
Added Pin To Net: NetName=3.3V_PROT Pin=J17-1
Added Pin To Net: NetName=GND Pin=J17-2
Added Pin To Net: NetName=GND Pin=J17-4
Added Pin To Net: NetName=3.3V_PROT Pin=R143-2
Added Pin To Net: NetName=3.3V_PROT Pin=R144-2
Added Pin To Net: NetName=NetR93_1 Pin=U9-12
Added Pin To Net: NetName=NetR94_1 Pin=U10-12
Added Pin To Net: NetName=NetC90_1 Pin=C90-1
Added Pin To Net: NetName=NetC90_1 Pin=J16-3
Added Pin To Net: NetName=NetC90_1 Pin=R143-1
Added Pin To Net: NetName=NetC90_1 Pin=U1-77
Added Net: Name=NetC90_1
Added Pin To Net: NetName=NetC92_1 Pin=C92-1
Added Pin To Net: NetName=NetC92_1 Pin=J17-3
Added Pin To Net: NetName=NetC92_1 Pin=R144-1
Added Pin To Net: NetName=NetC92_1 Pin=U1-78
Added Net: Name=NetC92_1
Added Member To Class: ClassName=Connectors Member=Component C89 0.1uF
Added Member To Class: ClassName=Connectors Member=Component C90 10nF
Added Member To Class: ClassName=Connectors Member=Component C91 0.1uF
Added Member To Class: ClassName=Connectors Member=Component C92 10nF
Added Member To Class: ClassName=Connectors Member=Component J16 53261-0471
Added Member To Class: ClassName=Connectors Member=Component J17 53261-0471
Added Member To Class: ClassName=Connectors Member=Component R143 1k
Added Member To Class: ClassName=Connectors Member=Component R144 1k
