Added Component: Designator=J3(MOLEX_87831-1010)
Added Component: Designator=J4(MOLEX_87831-1010)
Added Pin To Net: NetName=3.3V Pin=J3-5
Added Pin To Net: NetName=GND Pin=J3-6
Added Pin To Net: NetName=GND Pin=J3-7
Added Pin To Net: NetName=GND Pin=J3-8
Added Pin To Net: NetName=GND Pin=J3-9
Added Pin To Net: NetName=GND Pin=J3-10
Added Pin To Net: NetName=3.3V Pin=J4-5
Added Pin To Net: NetName=GND Pin=J4-6
Added Pin To Net: NetName=GND Pin=J4-7
Added Pin To Net: NetName=GND Pin=J4-8
Added Pin To Net: NetName=GND Pin=J4-9
Added Pin To Net: NetName=GND Pin=J4-10
Added Pin To Net: NetName=NetJ3_3 Pin=J3-3
Added Net: Name=NetJ3_3
Added Pin To Net: NetName=NetJ4_3 Pin=J4-3
Added Net: Name=NetJ4_3
Added Pin To Net: NetName=NetU1_24 Pin=U1-24
Added Net: Name=NetU1_24
Added Pin To Net: NetName=NetU1_25 Pin=U1-25
Added Net: Name=NetU1_25
Added Pin To Net: NetName=SPI_MISO Pin=J3-2
Added Pin To Net: NetName=SPI_MISO Pin=J4-2
Added Net: Name=SPI_MISO
Added Pin To Net: NetName=SPI_MOSI Pin=J3-1
Added Pin To Net: NetName=SPI_MOSI Pin=J4-1
Added Net: Name=SPI_MOSI
Added Pin To Net: NetName=SPI_SCK Pin=J3-4
Added Pin To Net: NetName=SPI_SCK Pin=J4-4
Added Net: Name=SPI_SCK
Added Member To Class: ClassName=Connectors Member=Component J3 87831-1010
Added Member To Class: ClassName=Connectors Member=Component J4 87831-1010
